c:\users\pranav\source\repos\password_manager\password_manager\x64\debug\password_manager.pch
c:\users\pranav\source\repos\password_manager\password_manager\x64\debug\vc142.pdb
c:\users\pranav\source\repos\password_manager\password_manager\x64\debug\pch.obj
c:\users\pranav\source\repos\password_manager\password_manager\x64\debug\sha256.obj
c:\users\pranav\source\repos\password_manager\password_manager\x64\debug\form1.obj
c:\users\pranav\source\repos\password_manager\password_manager\x64\debug\cppclr_winformsprojekt.obj
c:\users\pranav\source\repos\password_manager\password_manager\x64\debug\assemblyinfo.obj
c:\users\pranav\source\repos\password_manager\password_manager\x64\debug\.netframework,version=v4.7.2.assemblyattributes.obj
c:\users\pranav\source\repos\password_manager\x64\debug\mysql.data.dll
c:\users\pranav\source\repos\password_manager\x64\debug\google.protobuf.dll
c:\users\pranav\source\repos\password_manager\x64\debug\zstandard.net.dll
c:\users\pranav\source\repos\password_manager\x64\debug\k4os.compression.lz4.streams.dll
c:\users\pranav\source\repos\password_manager\x64\debug\bouncycastle.crypto.dll
c:\users\pranav\source\repos\password_manager\x64\debug\ubiety.dns.core.dll
c:\users\pranav\source\repos\password_manager\x64\debug\renci.sshnet.dll
c:\users\pranav\source\repos\password_manager\x64\debug\system.memory.dll
c:\users\pranav\source\repos\password_manager\x64\debug\system.buffers.dll
c:\users\pranav\source\repos\password_manager\x64\debug\k4os.compression.lz4.dll
c:\users\pranav\source\repos\password_manager\x64\debug\k4os.hash.xxhash.dll
c:\users\pranav\source\repos\password_manager\x64\debug\system.numerics.vectors.dll
c:\users\pranav\source\repos\password_manager\x64\debug\system.runtime.compilerservices.unsafe.dll
c:\users\pranav\source\repos\password_manager\x64\debug\mysql.data.xml
c:\users\pranav\source\repos\password_manager\x64\debug\password_manager.exe
c:\users\pranav\source\repos\password_manager\x64\debug\password_manager.pdb
c:\users\pranav\source\repos\password_manager\password_manager\x64\debug\password_manager.tlog\metagen.write.1.tlog
c:\users\pranav\source\repos\password_manager\password_manager\x64\debug\password_manager.form1.resources
c:\users\pranav\source\repos\password_manager\password_manager\x64\debug\password_manager.form2.resources
c:\users\pranav\source\repos\password_manager\password_manager\x64\debug\password_manager.form3.resources
c:\users\pranav\source\repos\password_manager\password_manager\x64\debug\password_manager.form4.resources
c:\users\pranav\source\repos\password_manager\password_manager\x64\debug\password_manager.form5.resources
c:\users\pranav\source\repos\password_manager\password_manager\x64\debug\password_manager.form6.resources
c:\users\pranav\source\repos\password_manager\password_manager\x64\debug\app.res
c:\users\pranav\source\repos\password_manager\password_manager\x64\debug\password_manager.tlog\cl.command.1.tlog
c:\users\pranav\source\repos\password_manager\password_manager\x64\debug\password_manager.tlog\cl.read.1.tlog
c:\users\pranav\source\repos\password_manager\password_manager\x64\debug\password_manager.tlog\cl.write.1.tlog
c:\users\pranav\source\repos\password_manager\password_manager\x64\debug\password_manager.tlog\copylocal.read.1u.tlog
c:\users\pranav\source\repos\password_manager\password_manager\x64\debug\password_manager.tlog\copylocal.write.1u.tlog
c:\users\pranav\source\repos\password_manager\password_manager\x64\debug\password_manager.tlog\link.command.1.tlog
c:\users\pranav\source\repos\password_manager\password_manager\x64\debug\password_manager.tlog\link.read.1.tlog
c:\users\pranav\source\repos\password_manager\password_manager\x64\debug\password_manager.tlog\link.write.1.tlog
c:\users\pranav\source\repos\password_manager\password_manager\x64\debug\password_manager.tlog\metagen.read.1.tlog
c:\users\pranav\source\repos\password_manager\password_manager\x64\debug\password_manager.tlog\password_manager.write.1u.tlog
c:\users\pranav\source\repos\password_manager\password_manager\x64\debug\password_manager.tlog\rc.command.1.tlog
c:\users\pranav\source\repos\password_manager\password_manager\x64\debug\password_manager.tlog\rc.read.1.tlog
c:\users\pranav\source\repos\password_manager\password_manager\x64\debug\password_manager.tlog\rc.write.1.tlog
c:\users\pranav\source\repos\password_manager\password_manager\x64\debug\password_manager.tlog\mysql.data.dll.metagen
