c:\users\pranav\source\repos\password_manager\password_manager\debug\passwordmanager.pch
c:\users\pranav\source\repos\password_manager\password_manager\debug\vc142.pdb
c:\users\pranav\source\repos\password_manager\password_manager\debug\pch.obj
c:\users\pranav\source\repos\password_manager\password_manager\debug\cppclr_winformsprojekt.obj
c:\users\pranav\source\repos\password_manager\password_manager\debug\assemblyinfo.obj
c:\users\pranav\source\repos\password_manager\password_manager\debug\form1.obj
c:\users\pranav\source\repos\password_manager\password_manager\debug\.netframework,version=v4.7.2.assemblyattributes.obj
c:\users\pranav\source\repos\password_manager\debug\passwordmanager.exe
c:\users\pranav\source\repos\password_manager\debug\passwordmanager.pdb
c:\users\pranav\source\repos\password_manager\password_manager\debug\password_manager.form1.resources
c:\users\pranav\source\repos\password_manager\password_manager\debug\app.res
c:\users\pranav\source\repos\password_manager\password_manager\debug\password_manager.pch
c:\users\pranav\source\repos\password_manager\password_manager\debug\passwordmanager.tlog\cl.command.1.tlog
c:\users\pranav\source\repos\password_manager\password_manager\debug\passwordmanager.tlog\cl.read.1.tlog
c:\users\pranav\source\repos\password_manager\password_manager\debug\passwordmanager.tlog\cl.write.1.tlog
c:\users\pranav\source\repos\password_manager\password_manager\debug\passwordmanager.tlog\link.command.1.tlog
c:\users\pranav\source\repos\password_manager\password_manager\debug\passwordmanager.tlog\link.read.1.tlog
c:\users\pranav\source\repos\password_manager\password_manager\debug\passwordmanager.tlog\link.write.1.tlog
c:\users\pranav\source\repos\password_manager\password_manager\debug\passwordmanager.tlog\metagen.read.1.tlog
c:\users\pranav\source\repos\password_manager\password_manager\debug\passwordmanager.tlog\metagen.write.1.tlog
c:\users\pranav\source\repos\password_manager\password_manager\debug\passwordmanager.tlog\passwordmanager.write.1u.tlog
c:\users\pranav\source\repos\password_manager\password_manager\debug\passwordmanager.tlog\rc.command.1.tlog
c:\users\pranav\source\repos\password_manager\password_manager\debug\passwordmanager.tlog\rc.read.1.tlog
c:\users\pranav\source\repos\password_manager\password_manager\debug\passwordmanager.tlog\rc.write.1.tlog
