c:\users\pranav\source\repos\password_manager\password_manager\x64\release\password_manager.pch
c:\users\pranav\source\repos\password_manager\password_manager\x64\release\vc142.pdb
c:\users\pranav\source\repos\password_manager\password_manager\x64\release\pch.obj
c:\users\pranav\source\repos\password_manager\password_manager\x64\release\sha256.obj
c:\users\pranav\source\repos\password_manager\password_manager\x64\release\form1.obj
c:\users\pranav\source\repos\password_manager\password_manager\x64\release\cppclr_winformsprojekt.obj
c:\users\pranav\source\repos\password_manager\password_manager\x64\release\assemblyinfo.obj
c:\users\pranav\source\repos\password_manager\password_manager\x64\release\.netframework,version=v4.7.2.assemblyattributes.obj
c:\users\pranav\source\repos\password_manager\x64\release\mysql.data.dll
c:\users\pranav\source\repos\password_manager\x64\release\google.protobuf.dll
c:\users\pranav\source\repos\password_manager\x64\release\zstandard.net.dll
c:\users\pranav\source\repos\password_manager\x64\release\k4os.compression.lz4.streams.dll
c:\users\pranav\source\repos\password_manager\x64\release\bouncycastle.crypto.dll
c:\users\pranav\source\repos\password_manager\x64\release\ubiety.dns.core.dll
c:\users\pranav\source\repos\password_manager\x64\release\renci.sshnet.dll
c:\users\pranav\source\repos\password_manager\x64\release\system.memory.dll
c:\users\pranav\source\repos\password_manager\x64\release\system.buffers.dll
c:\users\pranav\source\repos\password_manager\x64\release\k4os.compression.lz4.dll
c:\users\pranav\source\repos\password_manager\x64\release\k4os.hash.xxhash.dll
c:\users\pranav\source\repos\password_manager\x64\release\system.numerics.vectors.dll
c:\users\pranav\source\repos\password_manager\x64\release\system.runtime.compilerservices.unsafe.dll
c:\users\pranav\source\repos\password_manager\x64\release\mysql.data.xml
c:\users\pranav\source\repos\password_manager\x64\release\password_manager.exe
c:\users\pranav\source\repos\password_manager\x64\release\password_manager.pdb
c:\users\pranav\source\repos\password_manager\password_manager\x64\release\password_manager.tlog\metagen.write.1.tlog
c:\users\pranav\source\repos\password_manager\password_manager\x64\release\password_manager.form1.resources
c:\users\pranav\source\repos\password_manager\password_manager\x64\release\password_manager.form2.resources
c:\users\pranav\source\repos\password_manager\password_manager\x64\release\password_manager.form3.resources
c:\users\pranav\source\repos\password_manager\password_manager\x64\release\password_manager.form4.resources
c:\users\pranav\source\repos\password_manager\password_manager\x64\release\password_manager.form5.resources
c:\users\pranav\source\repos\password_manager\password_manager\x64\release\password_manager.form6.resources
c:\users\pranav\source\repos\password_manager\password_manager\x64\release\app.res
c:\users\pranav\source\repos\password_manager\password_manager\x64\release\password_manager.tlog\cl.command.1.tlog
c:\users\pranav\source\repos\password_manager\password_manager\x64\release\password_manager.tlog\cl.read.1.tlog
c:\users\pranav\source\repos\password_manager\password_manager\x64\release\password_manager.tlog\cl.write.1.tlog
c:\users\pranav\source\repos\password_manager\password_manager\x64\release\password_manager.tlog\copylocal.read.1u.tlog
c:\users\pranav\source\repos\password_manager\password_manager\x64\release\password_manager.tlog\copylocal.write.1u.tlog
c:\users\pranav\source\repos\password_manager\password_manager\x64\release\password_manager.tlog\link.command.1.tlog
c:\users\pranav\source\repos\password_manager\password_manager\x64\release\password_manager.tlog\link.read.1.tlog
c:\users\pranav\source\repos\password_manager\password_manager\x64\release\password_manager.tlog\link.write.1.tlog
c:\users\pranav\source\repos\password_manager\password_manager\x64\release\password_manager.tlog\metagen.read.1.tlog
c:\users\pranav\source\repos\password_manager\password_manager\x64\release\password_manager.tlog\password_manager.write.1u.tlog
c:\users\pranav\source\repos\password_manager\password_manager\x64\release\password_manager.tlog\rc.command.1.tlog
c:\users\pranav\source\repos\password_manager\password_manager\x64\release\password_manager.tlog\rc.read.1.tlog
c:\users\pranav\source\repos\password_manager\password_manager\x64\release\password_manager.tlog\rc.write.1.tlog
c:\users\pranav\source\repos\password_manager\password_manager\x64\release\password_manager.tlog\mysql.data.dll.metagen
